2025-08-14 12:45:45,836 INFO: Fetching AAPL data from Yahoo Finance...
2025-08-14 12:45:47,909 INFO: Saved AAPL to /home/geoff/Projects/stock-forecasting-strategy/data/AAPL.csv
2025-08-14 12:45:47,909 INFO: Fetching MSFT data from Yahoo Finance...
2025-08-14 12:45:48,872 INFO: Saved MSFT to /home/geoff/Projects/stock-forecasting-strategy/data/MSFT.csv
2025-08-14 12:45:48,872 INFO: Fetching PFE data from Yahoo Finance...
2025-08-14 12:45:49,805 INFO: Saved PFE to /home/geoff/Projects/stock-forecasting-strategy/data/PFE.csv
2025-08-14 12:45:49,805 INFO: Fetching JNJ data from Yahoo Finance...
2025-08-14 12:45:50,885 INFO: Saved JNJ to /home/geoff/Projects/stock-forecasting-strategy/data/JNJ.csv
2025-08-14 12:46:54,785 INFO: Fetching AAPL data from Yahoo Finance...
2025-08-14 12:46:56,653 INFO: Saved AAPL to /home/geoff/Projects/stock-forecasting-strategy/data/AAPL.csv
2025-08-14 12:46:56,653 INFO: Fetching MSFT data from Yahoo Finance...
2025-08-14 12:46:57,643 INFO: Saved MSFT to /home/geoff/Projects/stock-forecasting-strategy/data/MSFT.csv
2025-08-14 12:46:57,643 INFO: Fetching PFE data from Yahoo Finance...
2025-08-14 12:46:58,726 INFO: Saved PFE to /home/geoff/Projects/stock-forecasting-strategy/data/PFE.csv
2025-08-14 12:46:58,727 INFO: Fetching JNJ data from Yahoo Finance...
2025-08-14 12:46:59,692 INFO: Saved JNJ to /home/geoff/Projects/stock-forecasting-strategy/data/JNJ.csv
2025-08-14 12:54:40,624 ERROR: Failed to send notification email: (534, b'5.7.9 Application-specific password required. For more information, go to\n5.7.9  https://support.google.com/mail/?p=InvalidSecondFactor ffacd0b85a97d-3b91330bfa3sm8021735f8f.29 - gsmtp')
2025-08-14 12:57:21,282 INFO: Fetching AAPL data from Yahoo Finance...
2025-08-14 12:57:23,807 INFO: Saved AAPL to /home/geoff/Projects/stock-forecasting-strategy/data/AAPL.csv
2025-08-14 12:57:23,808 INFO: Fetching MSFT data from Yahoo Finance...
2025-08-14 12:57:24,953 INFO: Saved MSFT to /home/geoff/Projects/stock-forecasting-strategy/data/MSFT.csv
2025-08-14 12:57:24,953 INFO: Fetching PFE data from Yahoo Finance...
2025-08-14 12:57:26,054 INFO: Saved PFE to /home/geoff/Projects/stock-forecasting-strategy/data/PFE.csv
2025-08-14 12:57:26,054 INFO: Fetching JNJ data from Yahoo Finance...
2025-08-14 12:57:27,207 INFO: Saved JNJ to /home/geoff/Projects/stock-forecasting-strategy/data/JNJ.csv
2025-08-14 13:04:16,500 INFO: Notification email sent.
2025-08-14 13:32:10,063 INFO: Fetching AAPL data from Yahoo Finance...
2025-08-14 13:32:11,923 INFO: Saved AAPL to /home/geoff/Projects/stock-forecasting-strategy/data/AAPL.csv
2025-08-14 13:32:11,923 INFO: Fetching MSFT data from Yahoo Finance...
2025-08-14 13:32:13,002 INFO: Saved MSFT to /home/geoff/Projects/stock-forecasting-strategy/data/MSFT.csv
2025-08-14 13:32:13,002 INFO: Fetching PFE data from Yahoo Finance...
2025-08-14 13:32:13,980 INFO: Saved PFE to /home/geoff/Projects/stock-forecasting-strategy/data/PFE.csv
2025-08-14 13:32:13,980 INFO: Fetching JNJ data from Yahoo Finance...
2025-08-14 13:32:15,169 INFO: Saved JNJ to /home/geoff/Projects/stock-forecasting-strategy/data/JNJ.csv
2025-08-14 13:40:06,546 INFO: Notification email sent.
2025-08-14 14:24:10,238 INFO: Fetching AAPL data from Yahoo Finance...
2025-08-14 14:24:12,233 INFO: Saved AAPL to /home/geoff/Projects/stock-forecasting-strategy/data/AAPL.csv
2025-08-14 14:24:12,233 INFO: Fetching MSFT data from Yahoo Finance...
2025-08-14 14:24:13,217 INFO: Saved MSFT to /home/geoff/Projects/stock-forecasting-strategy/data/MSFT.csv
2025-08-14 14:24:13,217 INFO: Fetching PFE data from Yahoo Finance...
2025-08-14 14:24:14,251 INFO: Saved PFE to /home/geoff/Projects/stock-forecasting-strategy/data/PFE.csv
2025-08-14 14:24:14,252 INFO: Fetching JNJ data from Yahoo Finance...
2025-08-14 14:24:15,245 INFO: Saved JNJ to /home/geoff/Projects/stock-forecasting-strategy/data/JNJ.csv
2025-08-14 14:31:37,808 INFO: Notification email sent.
